<?xml version="1.0" encoding="UTF-8"?>
<testng-results skipped="0" failed="0" total="2" passed="2">
  <reporter-output>
    <line>
      <![CDATA[INFO: "searching productSamsung G900H Galaxy S5 Black"]]>
    </line>
  </reporter-output>
  <suite name="firstTestSuite" duration-ms="86303" started-at="2014-07-26T10:50:44Z" finished-at="2014-07-26T10:52:10Z">
    <groups>
    </groups>
    <test name="SmokeTest" duration-ms="86303" started-at="2014-07-26T10:50:44Z" finished-at="2014-07-26T10:52:10Z">
      <class name="ui_tests.SmartphoneSearchTest">
        <test-method status="PASS" signature="setUp()[pri:0, instance:ui_tests.SmartphoneSearchTest@2f7a2457]" name="setUp" is-config="true" duration-ms="33706" started-at="2014-07-26T13:50:10Z" finished-at="2014-07-26T13:50:44Z">
          <reporter-output>
          </reporter-output>
        </test-method> <!-- setUp -->
        <test-method status="PASS" signature="setUpPreconditions()[pri:0, instance:ui_tests.SmartphoneSearchTest@2f7a2457]" name="setUpPreconditions" duration-ms="12497" started-at="2014-07-26T13:50:44Z" finished-at="2014-07-26T13:50:57Z">
          <reporter-output>
          </reporter-output>
        </test-method> <!-- setUpPreconditions -->
        <test-method status="PASS" signature="searchSmartphoneAndVerifyCharacteristics()[pri:0, instance:ui_tests.SmartphoneSearchTest@2f7a2457]" name="searchSmartphoneAndVerifyCharacteristics" duration-ms="73697" started-at="2014-07-26T13:50:57Z" depends-on-methods="ui_tests.SmartphoneSearchTest.setUpPreconditions" finished-at="2014-07-26T13:52:10Z">
          <reporter-output>
            <line>
              <![CDATA[INFO: "searching productSamsung G900H Galaxy S5 Black"]]>
            </line>
          </reporter-output>
        </test-method> <!-- searchSmartphoneAndVerifyCharacteristics -->
        <test-method status="PASS" signature="tearDown()[pri:0, instance:ui_tests.SmartphoneSearchTest@2f7a2457]" name="tearDown" is-config="true" duration-ms="2717" started-at="2014-07-26T13:52:11Z" finished-at="2014-07-26T13:52:14Z">
          <reporter-output>
          </reporter-output>
        </test-method> <!-- tearDown -->
      </class> <!-- ui_tests.SmartphoneSearchTest -->
    </test> <!-- SmokeTest -->
  </suite> <!-- firstTestSuite -->
</testng-results>
